Using pre-set license
Built from '2021.3/staging' branch; Version is '2021.3.8f1 (b30333d56e81) revision 11731763'; Using compiler version '192829333'; Build Type 'Release'
OS: 'Windows 11  (10.0.22621) 64bit Core' Language: 'en' Physical Memory: 15724 MB
BatchMode: 1, IsHumanControllingUs: 0, StartBugReporterOnCrash: 0, Is64bit: 1, IsPro: 1

COMMAND LINE ARGUMENTS:
C:\Program Files\Unity 2021.3.8f1\Editor\Unity.exe
-adb2
-batchMode
-noUpm
-name
AssetImportWorker4
-projectPath
C:/Users/Brama/Documents/GitHub/Lakewood-Derby/Racer64
-logFile
Logs/AssetImportWorker4.log
-srvPort
51699
Successfully changed project path to: C:/Users/Brama/Documents/GitHub/Lakewood-Derby/Racer64
C:/Users/Brama/Documents/GitHub/Lakewood-Derby/Racer64
[UnityMemory] Configuration Parameters - Can be set up in boot.config
    "memorysetup-bucket-allocator-granularity=16"
    "memorysetup-bucket-allocator-bucket-count=8"
    "memorysetup-bucket-allocator-block-size=33554432"
    "memorysetup-bucket-allocator-block-count=8"
    "memorysetup-main-allocator-block-size=16777216"
    "memorysetup-thread-allocator-block-size=16777216"
    "memorysetup-gfx-main-allocator-block-size=16777216"
    "memorysetup-gfx-thread-allocator-block-size=16777216"
    "memorysetup-cache-allocator-block-size=4194304"
    "memorysetup-typetree-allocator-block-size=2097152"
    "memorysetup-profiler-bucket-allocator-granularity=16"
    "memorysetup-profiler-bucket-allocator-bucket-count=8"
    "memorysetup-profiler-bucket-allocator-block-size=33554432"
    "memorysetup-profiler-bucket-allocator-block-count=8"
    "memorysetup-profiler-allocator-block-size=16777216"
    "memorysetup-profiler-editor-allocator-block-size=1048576"
    "memorysetup-temp-allocator-size-main=16777216"
    "memorysetup-job-temp-allocator-block-size=2097152"
    "memorysetup-job-temp-allocator-block-size-background=1048576"
    "memorysetup-job-temp-allocator-reduction-small-platforms=262144"
    "memorysetup-temp-allocator-size-background-worker=32768"
    "memorysetup-temp-allocator-size-job-worker=262144"
    "memorysetup-temp-allocator-size-preload-manager=33554432"
    "memorysetup-temp-allocator-size-nav-mesh-worker=65536"
    "memorysetup-temp-allocator-size-audio-worker=65536"
    "memorysetup-temp-allocator-size-cloud-worker=32768"
    "memorysetup-temp-allocator-size-gi-baking-worker=262144"
    "memorysetup-temp-allocator-size-gfx=262144"
Refreshing native plugins compatible for Editor in 114.83 ms, found 3 plugins.
Preloading 0 native plugins for Editor in 0.00 ms.
Initialize engine version: 2021.3.8f1 (b30333d56e81)
[Subsystems] Discovering subsystems at path C:/Program Files/Unity 2021.3.8f1/Editor/Data/Resources/UnitySubsystems
[Subsystems] Discovering subsystems at path C:/Users/Brama/Documents/GitHub/Lakewood-Derby/Racer64/Assets
GfxDevice: creating device client; threaded=0; jobified=0
Direct3D:
    Version:  Direct3D 11.0 [level 11.1]
    Renderer: NVIDIA GeForce RTX 3060 Laptop GPU (ID=0x2520)
    Vendor:   NVIDIA
    VRAM:     6023 MB
    Driver:   30.0.15.1181
Initialize mono
Mono path[0] = 'C:/Program Files/Unity 2021.3.8f1/Editor/Data/Managed'
Mono path[1] = 'C:/Program Files/Unity 2021.3.8f1/Editor/Data/MonoBleedingEdge/lib/mono/unityjit-win32'
Mono config path = 'C:/Program Files/Unity 2021.3.8f1/Editor/Data/MonoBleedingEdge/etc'
Using monoOptions --debugger-agent=transport=dt_socket,embedding=1,server=y,suspend=n,address=127.0.0.1:56368
Begin MonoManager ReloadAssembly
Registering precompiled unity dll's ...
Register platform support module: C:/Program Files/Unity 2021.3.8f1/Editor/Data/PlaybackEngines/WindowsStandaloneSupport/UnityEditor.WindowsStandalone.Extensions.dll
Registered in 0.005825 seconds.
Native extension for WindowsStandalone target not found
Refreshing native plugins compatible for Editor in 101.97 ms, found 3 plugins.
Preloading 0 native plugins for Editor in 0.00 ms.
Mono: successfully reloaded assembly
- Completed reload, in  0.756 seconds
Domain Reload Profiling:
	ReloadAssembly (756ms)
		BeginReloadAssembly (114ms)
			ExecutionOrderSort (0ms)
			DisableScriptedObjects (0ms)
			BackupInstance (0ms)
			ReleaseScriptingObjects (0ms)
			CreateAndSetChildDomain (1ms)
		EndReloadAssembly (514ms)
			LoadAssemblies (112ms)
			RebuildTransferFunctionScriptingTraits (0ms)
			SetupTypeCache (114ms)
			ReleaseScriptCaches (0ms)
			RebuildScriptCaches (30ms)
			SetupLoadedEditorAssemblies (311ms)
				LogAssemblyErrors (0ms)
				InitializePlatformSupportModulesInManaged (8ms)
				SetLoadedEditorAssemblies (0ms)
				RefreshPlugins (102ms)
				BeforeProcessingInitializeOnLoad (1ms)
				ProcessInitializeOnLoadAttributes (151ms)
				ProcessInitializeOnLoadMethodAttributes (48ms)
				AfterProcessingInitializeOnLoad (0ms)
				EditorAssembliesLoaded (0ms)
			ExecutionOrderSort2 (0ms)
			AwakeInstancesAfterBackupRestoration (0ms)
Platform modules already initialized, skipping
Registering precompiled user dll's ...
Registered in 0.018074 seconds.
Begin MonoManager ReloadAssembly
Native extension for WindowsStandalone target not found
Refreshing native plugins compatible for Editor in 0.73 ms, found 3 plugins.
Preloading 0 native plugins for Editor in 0.00 ms.
Mono: successfully reloaded assembly
- Completed reload, in  1.312 seconds
Domain Reload Profiling:
	ReloadAssembly (1313ms)
		BeginReloadAssembly (127ms)
			ExecutionOrderSort (0ms)
			DisableScriptedObjects (7ms)
			BackupInstance (0ms)
			ReleaseScriptingObjects (0ms)
			CreateAndSetChildDomain (25ms)
		EndReloadAssembly (1014ms)
			LoadAssemblies (133ms)
			RebuildTransferFunctionScriptingTraits (0ms)
			SetupTypeCache (260ms)
			ReleaseScriptCaches (1ms)
			RebuildScriptCaches (62ms)
			SetupLoadedEditorAssemblies (511ms)
				LogAssemblyErrors (0ms)
				InitializePlatformSupportModulesInManaged (7ms)
				SetLoadedEditorAssemblies (1ms)
				RefreshPlugins (1ms)
				BeforeProcessingInitializeOnLoad (110ms)
				ProcessInitializeOnLoadAttributes (319ms)
				ProcessInitializeOnLoadMethodAttributes (66ms)
				AfterProcessingInitializeOnLoad (8ms)
				EditorAssembliesLoaded (0ms)
			ExecutionOrderSort2 (0ms)
			AwakeInstancesAfterBackupRestoration (7ms)
Platform modules already initialized, skipping
========================================================================
Worker process is ready to serve import requests
Launched and connected shader compiler UnityShaderCompiler.exe after 0.06 seconds
Refreshing native plugins compatible for Editor in 0.71 ms, found 3 plugins.
Preloading 0 native plugins for Editor in 0.00 ms.
Unloading 3758 Unused Serialized files (Serialized files now loaded: 0)
Unloading 28 unused Assets / (163.1 KB). Loaded Objects now: 4218.
Memory consumption went from 134.4 MB to 134.3 MB.
Total: 3.404900 ms (FindLiveObjects: 0.266900 ms CreateObjectMapping: 0.117900 ms MarkObjects: 2.866600 ms  DeleteObjects: 0.152300 ms)

AssetImportParameters requested are different than current active one (requested -> active):
  custom:video-decoder-ogg-theora: a1e56fd34408186e4bbccfd4996cb3dc -> 
  custom:container-muxer-webm: aa71ff27fc2769a1b78a27578f13a17b -> 
  custom:container-demuxer-webm: 4f35f7cbe854078d1ac9338744f61a02 -> 
  custom:video-encoder-webm-vp8: eb34c28f22e8b96e1ab97ce403110664 -> 
  custom:video-codec-MediaFoundation-h265: 746d11721c4dcdbdad8f713fa42b33f4 -> 
  custom:audio-encoder-webm-vorbis: bf7c407c2cedff20999df2af8eb42d56 -> 
  custom:framework-win-MediaFoundation: 216162199b28c13a410421893ffa2e32 -> 
  custom:container-demuxer-ogg: 62fdf1f143b41e24485cea50d1cbac27 -> 
  custom:video-decoder-webm-vp8: 9c59270c3fd7afecdb556c50c9e8de78 -> 
  custom:audio-decoder-ogg-vorbis: bf7c407c2cedff20999df2af8eb42d56 -> 
========================================================================
Received Import Request.
  Time since last request: 25386.733069 seconds.
  path: Assets/Scripts
  artifactKey: Guid(756c1c8b9bbeab0439597cf532159173) Importer(815301076,1909f56bfc062723c751e8b465ee728b)
Start importing Assets/Scripts using Guid(756c1c8b9bbeab0439597cf532159173) Importer(815301076,1909f56bfc062723c751e8b465ee728b)  -> (artifact id: '36f8505ff2544f2bf36ced24f6df4d59') in 0.018252 seconds 
========================================================================
Received Import Request.
  Time since last request: 472.543602 seconds.
  path: Assets/Materials/DeadmenTellNoTales.png
  artifactKey: Guid(60ce499eb593dfe46b40a57aa12c58f0) Importer(815301076,1909f56bfc062723c751e8b465ee728b)
Start importing Assets/Materials/DeadmenTellNoTales.png using Guid(60ce499eb593dfe46b40a57aa12c58f0) Importer(815301076,1909f56bfc062723c751e8b465ee728b)  -> (artifact id: '3550a8e18ba9b8161bdd9241e8541d96') in 0.079593 seconds 
========================================================================
Received Import Request.
  Time since last request: 46.760757 seconds.
  path: Assets/Materials/Firegif.gif
  artifactKey: Guid(7b286f327d99c914aa74bafc2d1c7a6d) Importer(815301076,1909f56bfc062723c751e8b465ee728b)
Start importing Assets/Materials/Firegif.gif using Guid(7b286f327d99c914aa74bafc2d1c7a6d) Importer(815301076,1909f56bfc062723c751e8b465ee728b)  -> (artifact id: '67f17b6859acc8a0a5ade0986b7d46f5') in 0.061288 seconds 
========================================================================
Received Import Request.
  Time since last request: 182.348234 seconds.
  path: Assets/Materials/Firegif.gif
  artifactKey: Guid(7b286f327d99c914aa74bafc2d1c7a6d) Importer(815301076,1909f56bfc062723c751e8b465ee728b)
Start importing Assets/Materials/Firegif.gif using Guid(7b286f327d99c914aa74bafc2d1c7a6d) Importer(815301076,1909f56bfc062723c751e8b465ee728b)  -> (artifact id: '94d574b52a443c2f77b7269ade6f3746') in 0.016993 seconds 
========================================================================
Received Import Request.
  Time since last request: 22.281406 seconds.
  path: Assets/Firegif.gif
  artifactKey: Guid(81e87ed7621c79c4baea1a413284be32) Importer(815301076,1909f56bfc062723c751e8b465ee728b)
Start importing Assets/Firegif.gif using Guid(81e87ed7621c79c4baea1a413284be32) Importer(815301076,1909f56bfc062723c751e8b465ee728b)  -> (artifact id: '904e2291b56ce653b696327b71d582b5') in 0.016376 seconds 
========================================================================
Received Import Request.
  Time since last request: 1454.949525 seconds.
  path: Assets/big_house.prefab
  artifactKey: Guid(ae314babcd988ab4dbd3e95780d2cbcc) Importer(2089858483,0ecaa5967403d082aa24f35e1b516d23)
Start importing Assets/big_house.prefab using Guid(ae314babcd988ab4dbd3e95780d2cbcc) Importer(2089858483,0ecaa5967403d082aa24f35e1b516d23)  -> (artifact id: '1620858f1c795047b273093e2c9dbc7f') in 0.135947 seconds 
========================================================================
Received Import Request.
  Time since last request: 0.000025 seconds.
  path: Assets/Models/FS000_Day_01.mat
  artifactKey: Guid(e6579e83ba157f041a0a30495bb19652) Importer(2089858483,0ecaa5967403d082aa24f35e1b516d23)
Start importing Assets/Models/FS000_Day_01.mat using Guid(e6579e83ba157f041a0a30495bb19652) Importer(2089858483,0ecaa5967403d082aa24f35e1b516d23)  -> (artifact id: '5d0ab6fb7947b0679b821971fb130ff7') in 0.033455 seconds 
========================================================================
Received Import Request.
  Time since last request: 0.000034 seconds.
  path: Assets/sm_.prefab
  artifactKey: Guid(567a3c4017bdc1c449ee67eaf85c640a) Importer(2089858483,0ecaa5967403d082aa24f35e1b516d23)
Start importing Assets/sm_.prefab using Guid(567a3c4017bdc1c449ee67eaf85c640a) Importer(2089858483,0ecaa5967403d082aa24f35e1b516d23)  -> (artifact id: '53d6c668f13a556ebde28930b7873965') in 0.016101 seconds 
========================================================================
Received Import Request.
  Time since last request: 0.000042 seconds.
  path: Assets/Models/car.fbx
  artifactKey: Guid(1f8faaef3cc357449b313cd1417a67da) Importer(2089858483,0ecaa5967403d082aa24f35e1b516d23)
Start importing Assets/Models/car.fbx using Guid(1f8faaef3cc357449b313cd1417a67da) Importer(2089858483,0ecaa5967403d082aa24f35e1b516d23)  -> (artifact id: 'e7196447f23cd08e36ffb54ea12d96a5') in 0.040357 seconds 
========================================================================
Received Import Request.
  Time since last request: 0.000027 seconds.
  path: Assets/Models/Materials/BigHouse.png
  artifactKey: Guid(1f72ee6269932144daee3123150fd269) Importer(2089858483,0ecaa5967403d082aa24f35e1b516d23)
Start importing Assets/Models/Materials/BigHouse.png using Guid(1f72ee6269932144daee3123150fd269) Importer(2089858483,0ecaa5967403d082aa24f35e1b516d23)  -> (artifact id: '5f450358b64f8aff178b4a6c8fbc747d') in 0.041598 seconds 
========================================================================
Received Import Request.
  Time since last request: 0.000026 seconds.
  path: Assets/Models/FS000_Day_01.png
  artifactKey: Guid(7ecc5652a78ecef41a39d854711f6811) Importer(2089858483,0ecaa5967403d082aa24f35e1b516d23)
Start importing Assets/Models/FS000_Day_01.png using Guid(7ecc5652a78ecef41a39d854711f6811) Importer(2089858483,0ecaa5967403d082aa24f35e1b516d23)  -> (artifact id: '181685ec70663d8fe39e99288952ae6f') in 0.026621 seconds 
========================================================================
Received Import Request.
  Time since last request: 0.000021 seconds.
  path: Assets/Models/Materials/Materials/Grass.mat
  artifactKey: Guid(953a0f0dd2ee5d24ab3eb2bff114753c) Importer(2089858483,0ecaa5967403d082aa24f35e1b516d23)
Start importing Assets/Models/Materials/Materials/Grass.mat using Guid(953a0f0dd2ee5d24ab3eb2bff114753c) Importer(2089858483,0ecaa5967403d082aa24f35e1b516d23)  -> (artifact id: 'a02cd2cbef0958e1a41bac799d12ce05') in 0.016410 seconds 
========================================================================
Received Import Request.
  Time since last request: 0.000023 seconds.
  path: Assets/Prefabs/TestAI.prefab
  artifactKey: Guid(f999637daa3b660418aae546d58869bb) Importer(2089858483,0ecaa5967403d082aa24f35e1b516d23)
Start importing Assets/Prefabs/TestAI.prefab using Guid(f999637daa3b660418aae546d58869bb) Importer(2089858483,0ecaa5967403d082aa24f35e1b516d23)  -> (artifact id: '632abdda5064b6546471890e9b554d65') in 0.033127 seconds 
========================================================================
Received Import Request.
  Time since last request: 0.000035 seconds.
  path: Assets/Models/Materials/SmallHouse.png
  artifactKey: Guid(bc4d79b0504342e4aafbb0f49cd6df89) Importer(2089858483,0ecaa5967403d082aa24f35e1b516d23)
Start importing Assets/Models/Materials/SmallHouse.png using Guid(bc4d79b0504342e4aafbb0f49cd6df89) Importer(2089858483,0ecaa5967403d082aa24f35e1b516d23)  -> (artifact id: '941e6f6f89b7b746a40eb694950de866') in 0.023318 seconds 
========================================================================
Received Import Request.
  Time since last request: 0.000033 seconds.
  path: Assets/New Folder/Materials/trees.mat
  artifactKey: Guid(50ebe85336307a74e9886ff48d869295) Importer(2089858483,0ecaa5967403d082aa24f35e1b516d23)
Start importing Assets/New Folder/Materials/trees.mat using Guid(50ebe85336307a74e9886ff48d869295) Importer(2089858483,0ecaa5967403d082aa24f35e1b516d23)  -> (artifact id: 'e1dd68cb258f7525527a483a9ecf748a') in 0.022929 seconds 
========================================================================
Received Import Request.
  Time since last request: 0.000058 seconds.
  path: Assets/Models/Materials/FS000_Day_01.mat
  artifactKey: Guid(5b08f09c53b1ff447a9121b0200c6bf6) Importer(2089858483,0ecaa5967403d082aa24f35e1b516d23)
Start importing Assets/Models/Materials/FS000_Day_01.mat using Guid(5b08f09c53b1ff447a9121b0200c6bf6) Importer(2089858483,0ecaa5967403d082aa24f35e1b516d23)  -> (artifact id: '172c8fffa3d61858b219362938baa86c') in 0.022074 seconds 
========================================================================
Received Import Request.
  Time since last request: 0.000028 seconds.
  path: Assets/Models/Small_House (2).fbx
  artifactKey: Guid(fb54ec3db1873524fb045fa66aedaf3c) Importer(2089858483,0ecaa5967403d082aa24f35e1b516d23)
Start importing Assets/Models/Small_House (2).fbx using Guid(fb54ec3db1873524fb045fa66aedaf3c) Importer(2089858483,0ecaa5967403d082aa24f35e1b516d23)  -> (artifact id: 'a9a0c9b9fb6dc51dfb54af51004e7fb2') in 0.047173 seconds 
========================================================================
Received Import Request.
  Time since last request: 0.000039 seconds.
  path: Assets/Models/Materials/Materials/Pavement.mat
  artifactKey: Guid(9477abc107e269b4cacd45b1a74eb249) Importer(2089858483,0ecaa5967403d082aa24f35e1b516d23)
Start importing Assets/Models/Materials/Materials/Pavement.mat using Guid(9477abc107e269b4cacd45b1a74eb249) Importer(2089858483,0ecaa5967403d082aa24f35e1b516d23)  -> (artifact id: 'f3de96d5311c17d7ac9153fcd97679aa') in 0.017730 seconds 
========================================================================
Received Import Request.
  Time since last request: 0.000029 seconds.
  path: Assets/New Folder/trees.png
  artifactKey: Guid(cfcb710851443924cbfaf425e6036f52) Importer(2089858483,0ecaa5967403d082aa24f35e1b516d23)
Start importing Assets/New Folder/trees.png using Guid(cfcb710851443924cbfaf425e6036f52) Importer(2089858483,0ecaa5967403d082aa24f35e1b516d23)  -> (artifact id: '825c7a38ecdab0c8d5555cca738b5b8b') in 0.030379 seconds 
========================================================================
Received Import Request.
  Time since last request: 0.000021 seconds.
  path: Assets/Models/Materials/Color_from_another_mother.png
  artifactKey: Guid(1f9e2ff72979a12449c899686d805575) Importer(2089858483,0ecaa5967403d082aa24f35e1b516d23)
Start importing Assets/Models/Materials/Color_from_another_mother.png using Guid(1f9e2ff72979a12449c899686d805575) Importer(2089858483,0ecaa5967403d082aa24f35e1b516d23)  -> (artifact id: 'ae18900ef86d2a14a4d22a3a10dc3c05') in 0.020231 seconds 
========================================================================
Received Import Request.
  Time since last request: 0.000034 seconds.
  path: Assets/Models/Materials/Pavement.png
  artifactKey: Guid(14f7e6817da2d714496e7332b77a439c) Importer(2089858483,0ecaa5967403d082aa24f35e1b516d23)
Start importing Assets/Models/Materials/Pavement.png using Guid(14f7e6817da2d714496e7332b77a439c) Importer(2089858483,0ecaa5967403d082aa24f35e1b516d23)  -> (artifact id: '69c7979259acebf8925f352796a35e4c') in 0.025982 seconds 
========================================================================
Received Import Request.
  Time since last request: 0.000026 seconds.
  path: Assets/Firegif.gif
  artifactKey: Guid(81e87ed7621c79c4baea1a413284be32) Importer(2089858483,0ecaa5967403d082aa24f35e1b516d23)
Start importing Assets/Firegif.gif using Guid(81e87ed7621c79c4baea1a413284be32) Importer(2089858483,0ecaa5967403d082aa24f35e1b516d23)  -> (artifact id: '0f157b20a24f2b47cf5b4e285b017f88') in 0.020447 seconds 
========================================================================
Received Import Request.
  Time since last request: 0.000036 seconds.
  path: Assets/Materials/Materials/Firegif.mat
  artifactKey: Guid(d0f7b4357703eef4da7e7c80bc2d392e) Importer(2089858483,0ecaa5967403d082aa24f35e1b516d23)
Start importing Assets/Materials/Materials/Firegif.mat using Guid(d0f7b4357703eef4da7e7c80bc2d392e) Importer(2089858483,0ecaa5967403d082aa24f35e1b516d23)  -> (artifact id: '64139b3249bc29d04fcf903050b377cf') in 0.016377 seconds 
========================================================================
Received Import Request.
  Time since last request: 0.000053 seconds.
  path: Assets/Models/wheel.fbx
  artifactKey: Guid(d770881603af9864497bbebf0e6e4924) Importer(2089858483,0ecaa5967403d082aa24f35e1b516d23)
Start importing Assets/Models/wheel.fbx using Guid(d770881603af9864497bbebf0e6e4924) Importer(2089858483,0ecaa5967403d082aa24f35e1b516d23)  -> (artifact id: '0256227170ffc12bfe573726235a1dd1') in 0.024242 seconds 
========================================================================
Received Import Request.
  Time since last request: 0.000023 seconds.
  path: Assets/Models/Materials/trees.png
  artifactKey: Guid(c97703f7b1c00f443b17bedc95dc8a0e) Importer(2089858483,0ecaa5967403d082aa24f35e1b516d23)
Start importing Assets/Models/Materials/trees.png using Guid(c97703f7b1c00f443b17bedc95dc8a0e) Importer(2089858483,0ecaa5967403d082aa24f35e1b516d23)  -> (artifact id: '8e4e1ff4c7456db0f8f9b8cd39cf46ba') in 0.019992 seconds 
========================================================================
Received Import Request.
  Time since last request: 0.000026 seconds.
  path: Assets/Models/FS000_Night_01.mat
  artifactKey: Guid(1514f23b2ced90c46b60d6869225c661) Importer(2089858483,0ecaa5967403d082aa24f35e1b516d23)
Start importing Assets/Models/FS000_Night_01.mat using Guid(1514f23b2ced90c46b60d6869225c661) Importer(2089858483,0ecaa5967403d082aa24f35e1b516d23)  -> (artifact id: '2430bd29933a70caed891e807de736cd') in 0.015624 seconds 
========================================================================
Received Import Request.
  Time since last request: 0.000020 seconds.
  path: Assets/Models/Materials/Materials/Color_from_another_mother.mat
  artifactKey: Guid(b5ce308ef40506e43bada7ccba2765d6) Importer(2089858483,0ecaa5967403d082aa24f35e1b516d23)
Start importing Assets/Models/Materials/Materials/Color_from_another_mother.mat using Guid(b5ce308ef40506e43bada7ccba2765d6) Importer(2089858483,0ecaa5967403d082aa24f35e1b516d23)  -> (artifact id: 'ad387ca0fef5c51c437b66b7c57512b1') in 0.016072 seconds 
========================================================================
Received Import Request.
  Time since last request: 0.000023 seconds.
  path: Assets/Materials/Distant_Building2 1.mat
  artifactKey: Guid(cdb572ab62bce4b41a1e0ab61d223c6c) Importer(2089858483,0ecaa5967403d082aa24f35e1b516d23)
Start importing Assets/Materials/Distant_Building2 1.mat using Guid(cdb572ab62bce4b41a1e0ab61d223c6c) Importer(2089858483,0ecaa5967403d082aa24f35e1b516d23)  -> (artifact id: '431500956c0cb19587c106cd32d78bb0') in 0.013258 seconds 
========================================================================
Received Import Request.
  Time since last request: 0.000022 seconds.
  path: Assets/Scripts/GhostScript.cs
  artifactKey: Guid(b056f51bd93a7064aa32ee85629deff5) Importer(2089858483,0ecaa5967403d082aa24f35e1b516d23)
Start importing Assets/Scripts/GhostScript.cs using Guid(b056f51bd93a7064aa32ee85629deff5) Importer(2089858483,0ecaa5967403d082aa24f35e1b516d23)  -> (artifact id: '48f1722d1e7bff97741a3260d15efbfd') in 0.021813 seconds 
========================================================================
Received Import Request.
  Time since last request: 0.000023 seconds.
  path: Assets/Distant_Building.png
  artifactKey: Guid(831eac830971b324a9d52139f23a79ef) Importer(2089858483,0ecaa5967403d082aa24f35e1b516d23)
Start importing Assets/Distant_Building.png using Guid(831eac830971b324a9d52139f23a79ef) Importer(2089858483,0ecaa5967403d082aa24f35e1b516d23)  -> (artifact id: 'c2b4409188d2804b40290c8145d6ce71') in 0.024700 seconds 
========================================================================
Received Import Request.
  Time since last request: 0.000024 seconds.
  path: Assets/Scripts/CameraScript.cs
  artifactKey: Guid(5b2871d131af7f14a8ee76190d36ac1a) Importer(2089858483,0ecaa5967403d082aa24f35e1b516d23)
Start importing Assets/Scripts/CameraScript.cs using Guid(5b2871d131af7f14a8ee76190d36ac1a) Importer(2089858483,0ecaa5967403d082aa24f35e1b516d23)  -> (artifact id: 'a98369dfc05dfddfd7bd339f25a99e20') in 0.014577 seconds 
========================================================================
Received Import Request.
  Time since last request: 0.000027 seconds.
  path: Assets/Scripts/GhostCarSpawnerScript.cs
  artifactKey: Guid(69a478c2159c88549a57a03f7199649c) Importer(2089858483,0ecaa5967403d082aa24f35e1b516d23)
Start importing Assets/Scripts/GhostCarSpawnerScript.cs using Guid(69a478c2159c88549a57a03f7199649c) Importer(2089858483,0ecaa5967403d082aa24f35e1b516d23)  -> (artifact id: '97df8cc6393301735c502276abd3cc75') in 0.014243 seconds 
========================================================================
Received Prepare
Refreshing native plugins compatible for Editor in 6.76 ms, found 3 plugins.
Preloading 0 native plugins for Editor in 0.00 ms.
Unloading 21 Unused Serialized files (Serialized files now loaded: 0)
Unloading 21 unused Assets / (128.8 KB). Loaded Objects now: 4229.
Memory consumption went from 62.9 MB to 62.8 MB.
Total: 6.627300 ms (FindLiveObjects: 0.527900 ms CreateObjectMapping: 0.175500 ms MarkObjects: 5.749400 ms  DeleteObjects: 0.173400 ms)

AssetImportParameters requested are different than current active one (requested -> active):
  custom:video-decoder-ogg-theora: a1e56fd34408186e4bbccfd4996cb3dc -> 
  custom:container-muxer-webm: aa71ff27fc2769a1b78a27578f13a17b -> 
  custom:container-demuxer-webm: 4f35f7cbe854078d1ac9338744f61a02 -> 
  custom:video-encoder-webm-vp8: eb34c28f22e8b96e1ab97ce403110664 -> 
  custom:video-codec-MediaFoundation-h265: 746d11721c4dcdbdad8f713fa42b33f4 -> 
  custom:audio-encoder-webm-vorbis: bf7c407c2cedff20999df2af8eb42d56 -> 
  custom:framework-win-MediaFoundation: 216162199b28c13a410421893ffa2e32 -> 
  custom:SearchIndexIgnoredProperties: e643bd26f0fe6173181afceb89e7c659 -> 
  custom:container-demuxer-ogg: 62fdf1f143b41e24485cea50d1cbac27 -> 
  custom:video-decoder-webm-vp8: 9c59270c3fd7afecdb556c50c9e8de78 -> 
  custom:audio-decoder-ogg-vorbis: bf7c407c2cedff20999df2af8eb42d56 -> 
Editor requested this worker to shutdown with reason: Scaling down because of idle timeout
AssetImportWorker is now disconnected from the server
Process exiting
Exiting without the bug reporter. Application will terminate with return code 0