Using pre-set license
Built from '2021.3/staging' branch; Version is '2021.3.8f1 (b30333d56e81) revision 11731763'; Using compiler version '192829333'; Build Type 'Release'
OS: 'Windows 11  (10.0.22621) 64bit Core' Language: 'en' Physical Memory: 15724 MB
BatchMode: 1, IsHumanControllingUs: 0, StartBugReporterOnCrash: 0, Is64bit: 1, IsPro: 1

COMMAND LINE ARGUMENTS:
C:\Program Files\Unity 2021.3.8f1\Editor\Unity.exe
-adb2
-batchMode
-noUpm
-name
AssetImportWorker3
-projectPath
C:/Users/Brama/Documents/GitHub/Lakewood-Derby/Racer64
-logFile
Logs/AssetImportWorker3.log
-srvPort
51699
Successfully changed project path to: C:/Users/Brama/Documents/GitHub/Lakewood-Derby/Racer64
C:/Users/Brama/Documents/GitHub/Lakewood-Derby/Racer64
[UnityMemory] Configuration Parameters - Can be set up in boot.config
    "memorysetup-bucket-allocator-granularity=16"
    "memorysetup-bucket-allocator-bucket-count=8"
    "memorysetup-bucket-allocator-block-size=33554432"
    "memorysetup-bucket-allocator-block-count=8"
    "memorysetup-main-allocator-block-size=16777216"
    "memorysetup-thread-allocator-block-size=16777216"
    "memorysetup-gfx-main-allocator-block-size=16777216"
    "memorysetup-gfx-thread-allocator-block-size=16777216"
    "memorysetup-cache-allocator-block-size=4194304"
    "memorysetup-typetree-allocator-block-size=2097152"
    "memorysetup-profiler-bucket-allocator-granularity=16"
    "memorysetup-profiler-bucket-allocator-bucket-count=8"
    "memorysetup-profiler-bucket-allocator-block-size=33554432"
    "memorysetup-profiler-bucket-allocator-block-count=8"
    "memorysetup-profiler-allocator-block-size=16777216"
    "memorysetup-profiler-editor-allocator-block-size=1048576"
    "memorysetup-temp-allocator-size-main=16777216"
    "memorysetup-job-temp-allocator-block-size=2097152"
    "memorysetup-job-temp-allocator-block-size-background=1048576"
    "memorysetup-job-temp-allocator-reduction-small-platforms=262144"
    "memorysetup-temp-allocator-size-background-worker=32768"
    "memorysetup-temp-allocator-size-job-worker=262144"
    "memorysetup-temp-allocator-size-preload-manager=33554432"
    "memorysetup-temp-allocator-size-nav-mesh-worker=65536"
    "memorysetup-temp-allocator-size-audio-worker=65536"
    "memorysetup-temp-allocator-size-cloud-worker=32768"
    "memorysetup-temp-allocator-size-gi-baking-worker=262144"
    "memorysetup-temp-allocator-size-gfx=262144"
Refreshing native plugins compatible for Editor in 88.39 ms, found 3 plugins.
Preloading 0 native plugins for Editor in 0.00 ms.
Initialize engine version: 2021.3.8f1 (b30333d56e81)
[Subsystems] Discovering subsystems at path C:/Program Files/Unity 2021.3.8f1/Editor/Data/Resources/UnitySubsystems
[Subsystems] Discovering subsystems at path C:/Users/Brama/Documents/GitHub/Lakewood-Derby/Racer64/Assets
GfxDevice: creating device client; threaded=0; jobified=0
Direct3D:
    Version:  Direct3D 11.0 [level 11.1]
    Renderer: NVIDIA GeForce RTX 3060 Laptop GPU (ID=0x2520)
    Vendor:   NVIDIA
    VRAM:     6023 MB
    Driver:   30.0.15.1181
Initialize mono
Mono path[0] = 'C:/Program Files/Unity 2021.3.8f1/Editor/Data/Managed'
Mono path[1] = 'C:/Program Files/Unity 2021.3.8f1/Editor/Data/MonoBleedingEdge/lib/mono/unityjit-win32'
Mono config path = 'C:/Program Files/Unity 2021.3.8f1/Editor/Data/MonoBleedingEdge/etc'
Using monoOptions --debugger-agent=transport=dt_socket,embedding=1,server=y,suspend=n,address=127.0.0.1:56684
Begin MonoManager ReloadAssembly
Registering precompiled unity dll's ...
Register platform support module: C:/Program Files/Unity 2021.3.8f1/Editor/Data/PlaybackEngines/WindowsStandaloneSupport/UnityEditor.WindowsStandalone.Extensions.dll
Registered in 0.003796 seconds.
Native extension for WindowsStandalone target not found
Refreshing native plugins compatible for Editor in 72.09 ms, found 3 plugins.
Preloading 0 native plugins for Editor in 0.00 ms.
Mono: successfully reloaded assembly
- Completed reload, in  0.515 seconds
Domain Reload Profiling:
	ReloadAssembly (516ms)
		BeginReloadAssembly (58ms)
			ExecutionOrderSort (0ms)
			DisableScriptedObjects (0ms)
			BackupInstance (0ms)
			ReleaseScriptingObjects (0ms)
			CreateAndSetChildDomain (1ms)
		EndReloadAssembly (372ms)
			LoadAssemblies (56ms)
			RebuildTransferFunctionScriptingTraits (0ms)
			SetupTypeCache (80ms)
			ReleaseScriptCaches (0ms)
			RebuildScriptCaches (21ms)
			SetupLoadedEditorAssemblies (230ms)
				LogAssemblyErrors (0ms)
				InitializePlatformSupportModulesInManaged (6ms)
				SetLoadedEditorAssemblies (0ms)
				RefreshPlugins (72ms)
				BeforeProcessingInitializeOnLoad (1ms)
				ProcessInitializeOnLoadAttributes (112ms)
				ProcessInitializeOnLoadMethodAttributes (39ms)
				AfterProcessingInitializeOnLoad (0ms)
				EditorAssembliesLoaded (0ms)
			ExecutionOrderSort2 (0ms)
			AwakeInstancesAfterBackupRestoration (0ms)
Platform modules already initialized, skipping
Registering precompiled user dll's ...
Registered in 0.005996 seconds.
Begin MonoManager ReloadAssembly
Native extension for WindowsStandalone target not found
Refreshing native plugins compatible for Editor in 0.60 ms, found 3 plugins.
Preloading 0 native plugins for Editor in 0.00 ms.
Mono: successfully reloaded assembly
- Completed reload, in  0.840 seconds
Domain Reload Profiling:
	ReloadAssembly (841ms)
		BeginReloadAssembly (90ms)
			ExecutionOrderSort (0ms)
			DisableScriptedObjects (5ms)
			BackupInstance (0ms)
			ReleaseScriptingObjects (0ms)
			CreateAndSetChildDomain (17ms)
		EndReloadAssembly (659ms)
			LoadAssemblies (67ms)
			RebuildTransferFunctionScriptingTraits (0ms)
			SetupTypeCache (196ms)
			ReleaseScriptCaches (1ms)
			RebuildScriptCaches (41ms)
			SetupLoadedEditorAssemblies (318ms)
				LogAssemblyErrors (0ms)
				InitializePlatformSupportModulesInManaged (4ms)
				SetLoadedEditorAssemblies (0ms)
				RefreshPlugins (1ms)
				BeforeProcessingInitializeOnLoad (86ms)
				ProcessInitializeOnLoadAttributes (198ms)
				ProcessInitializeOnLoadMethodAttributes (23ms)
				AfterProcessingInitializeOnLoad (6ms)
				EditorAssembliesLoaded (0ms)
			ExecutionOrderSort2 (0ms)
			AwakeInstancesAfterBackupRestoration (5ms)
Platform modules already initialized, skipping
========================================================================
Worker process is ready to serve import requests
Launched and connected shader compiler UnityShaderCompiler.exe after 0.04 seconds
Refreshing native plugins compatible for Editor in 1.17 ms, found 3 plugins.
Preloading 0 native plugins for Editor in 0.00 ms.
Unloading 3758 Unused Serialized files (Serialized files now loaded: 0)
Unloading 28 unused Assets / (163.1 KB). Loaded Objects now: 4218.
Memory consumption went from 134.4 MB to 134.2 MB.
Total: 4.650400 ms (FindLiveObjects: 0.488000 ms CreateObjectMapping: 0.162900 ms MarkObjects: 3.769100 ms  DeleteObjects: 0.228700 ms)

AssetImportParameters requested are different than current active one (requested -> active):
  custom:video-decoder-ogg-theora: a1e56fd34408186e4bbccfd4996cb3dc -> 
  custom:container-muxer-webm: aa71ff27fc2769a1b78a27578f13a17b -> 
  custom:container-demuxer-webm: 4f35f7cbe854078d1ac9338744f61a02 -> 
  custom:video-encoder-webm-vp8: eb34c28f22e8b96e1ab97ce403110664 -> 
  custom:video-codec-MediaFoundation-h265: 746d11721c4dcdbdad8f713fa42b33f4 -> 
  custom:audio-encoder-webm-vorbis: bf7c407c2cedff20999df2af8eb42d56 -> 
  custom:framework-win-MediaFoundation: 216162199b28c13a410421893ffa2e32 -> 
  custom:container-demuxer-ogg: 62fdf1f143b41e24485cea50d1cbac27 -> 
  custom:video-decoder-webm-vp8: 9c59270c3fd7afecdb556c50c9e8de78 -> 
  custom:audio-decoder-ogg-vorbis: bf7c407c2cedff20999df2af8eb42d56 -> 
========================================================================
Received Import Request.
  Time since last request: 21173.205476 seconds.
  path: Assets/Distant_Building.png
  artifactKey: Guid(831eac830971b324a9d52139f23a79ef) Importer(815301076,1909f56bfc062723c751e8b465ee728b)
Start importing Assets/Distant_Building.png using Guid(831eac830971b324a9d52139f23a79ef) Importer(815301076,1909f56bfc062723c751e8b465ee728b)  -> (artifact id: '9449dee77f49d13a336357230a33cd48') in 0.089681 seconds 
========================================================================
Received Import Request.
  Time since last request: 0.000030 seconds.
  path: Assets/Distant_Building2.png
  artifactKey: Guid(67d16c4b28ebff049a44bc87866c2936) Importer(815301076,1909f56bfc062723c751e8b465ee728b)
Start importing Assets/Distant_Building2.png using Guid(67d16c4b28ebff049a44bc87866c2936) Importer(815301076,1909f56bfc062723c751e8b465ee728b)  -> (artifact id: 'd68afc835979cc6684ea40afce5afda6') in 0.013900 seconds 
========================================================================
Received Prepare
Registering precompiled user dll's ...
Registered in 0.006709 seconds.
Begin MonoManager ReloadAssembly
Native extension for WindowsStandalone target not found
Refreshing native plugins compatible for Editor in 1.33 ms, found 3 plugins.
Preloading 0 native plugins for Editor in 0.00 ms.
Mono: successfully reloaded assembly
- Completed reload, in  0.975 seconds
Domain Reload Profiling:
	ReloadAssembly (975ms)
		BeginReloadAssembly (125ms)
			ExecutionOrderSort (0ms)
			DisableScriptedObjects (4ms)
			BackupInstance (0ms)
			ReleaseScriptingObjects (0ms)
			CreateAndSetChildDomain (43ms)
		EndReloadAssembly (756ms)
			LoadAssemblies (70ms)
			RebuildTransferFunctionScriptingTraits (0ms)
			SetupTypeCache (240ms)
			ReleaseScriptCaches (2ms)
			RebuildScriptCaches (45ms)
			SetupLoadedEditorAssemblies (341ms)
				LogAssemblyErrors (0ms)
				InitializePlatformSupportModulesInManaged (13ms)
				SetLoadedEditorAssemblies (0ms)
				RefreshPlugins (1ms)
				BeforeProcessingInitializeOnLoad (72ms)
				ProcessInitializeOnLoadAttributes (219ms)
				ProcessInitializeOnLoadMethodAttributes (28ms)
				AfterProcessingInitializeOnLoad (7ms)
				EditorAssembliesLoaded (0ms)
			ExecutionOrderSort2 (0ms)
			AwakeInstancesAfterBackupRestoration (6ms)
Platform modules already initialized, skipping
Refreshing native plugins compatible for Editor in 2.71 ms, found 3 plugins.
Preloading 0 native plugins for Editor in 0.00 ms.
Unloading 3734 Unused Serialized files (Serialized files now loaded: 0)
Unloading 21 unused Assets / (131.6 KB). Loaded Objects now: 4224.
Memory consumption went from 132.5 MB to 132.4 MB.
Total: 3.800800 ms (FindLiveObjects: 0.509400 ms CreateObjectMapping: 0.095900 ms MarkObjects: 2.912200 ms  DeleteObjects: 0.281100 ms)

AssetImportParameters requested are different than current active one (requested -> active):
  custom:video-decoder-ogg-theora: a1e56fd34408186e4bbccfd4996cb3dc -> 
  custom:container-muxer-webm: aa71ff27fc2769a1b78a27578f13a17b -> 
  custom:container-demuxer-webm: 4f35f7cbe854078d1ac9338744f61a02 -> 
  custom:video-encoder-webm-vp8: eb34c28f22e8b96e1ab97ce403110664 -> 
  custom:video-codec-MediaFoundation-h265: 746d11721c4dcdbdad8f713fa42b33f4 -> 
  custom:audio-encoder-webm-vorbis: bf7c407c2cedff20999df2af8eb42d56 -> 
  custom:framework-win-MediaFoundation: 216162199b28c13a410421893ffa2e32 -> 
  custom:container-demuxer-ogg: 62fdf1f143b41e24485cea50d1cbac27 -> 
  custom:video-decoder-webm-vp8: 9c59270c3fd7afecdb556c50c9e8de78 -> 
  custom:audio-decoder-ogg-vorbis: bf7c407c2cedff20999df2af8eb42d56 -> 
========================================================================
Received Import Request.
  Time since last request: 3825.430950 seconds.
  path: Assets/Materials/Distant_Building2 1.mat
  artifactKey: Guid(cdb572ab62bce4b41a1e0ab61d223c6c) Importer(815301076,1909f56bfc062723c751e8b465ee728b)
Start importing Assets/Materials/Distant_Building2 1.mat using Guid(cdb572ab62bce4b41a1e0ab61d223c6c) Importer(815301076,1909f56bfc062723c751e8b465ee728b)  -> (artifact id: 'a410eedce7510395abdb9cf5fa6a9ce9') in 0.164428 seconds 
========================================================================
Received Import Request.
  Time since last request: 0.000019 seconds.
  path: Assets/Materials/Rock.mat
  artifactKey: Guid(03aec158f9ea08a42a266ab44fb2f992) Importer(815301076,1909f56bfc062723c751e8b465ee728b)
Start importing Assets/Materials/Rock.mat using Guid(03aec158f9ea08a42a266ab44fb2f992) Importer(815301076,1909f56bfc062723c751e8b465ee728b)  -> (artifact id: '61b823f37e4003c339f676919ef17175') in 0.021678 seconds 
========================================================================
Received Import Request.
  Time since last request: 20.036274 seconds.
  path: Assets/Prefabs/LapTrigger.prefab
  artifactKey: Guid(233aba72fb956e04bb116772dc9eea0f) Importer(815301076,1909f56bfc062723c751e8b465ee728b)
Start importing Assets/Prefabs/LapTrigger.prefab using Guid(233aba72fb956e04bb116772dc9eea0f) Importer(815301076,1909f56bfc062723c751e8b465ee728b)  -> (artifact id: 'cf0157b7994136ebd8bcc60157562b25') in 0.089955 seconds 
========================================================================
Received Import Request.
  Time since last request: 0.000023 seconds.
  path: Assets/Prefabs/TestAI.prefab
  artifactKey: Guid(f999637daa3b660418aae546d58869bb) Importer(815301076,1909f56bfc062723c751e8b465ee728b)
Start importing Assets/Prefabs/TestAI.prefab using Guid(f999637daa3b660418aae546d58869bb) Importer(815301076,1909f56bfc062723c751e8b465ee728b)  -> (artifact id: '63fdffac6e0a13daed92c8a3d492e883') in 0.047933 seconds 
========================================================================
Received Import Request.
  Time since last request: 2.335412 seconds.
  path: Assets/Models/FS000_Day_01.png
  artifactKey: Guid(7ecc5652a78ecef41a39d854711f6811) Importer(815301076,1909f56bfc062723c751e8b465ee728b)
Start importing Assets/Models/FS000_Day_01.png using Guid(7ecc5652a78ecef41a39d854711f6811) Importer(815301076,1909f56bfc062723c751e8b465ee728b)  -> (artifact id: '61cf7d2396c36b19a621b0e5d634e309') in 0.052628 seconds 
========================================================================
Received Import Request.
  Time since last request: 0.000019 seconds.
  path: Assets/Models/FS000_Night_01.png
  artifactKey: Guid(40b1b77019bc6894e966deb7c4c48a89) Importer(815301076,1909f56bfc062723c751e8b465ee728b)
Start importing Assets/Models/FS000_Night_01.png using Guid(40b1b77019bc6894e966deb7c4c48a89) Importer(815301076,1909f56bfc062723c751e8b465ee728b)  -> (artifact id: '17b2f1cef1a1f908a2079a03338cff27') in 0.023023 seconds 
========================================================================
Received Import Request.
  Time since last request: 1.635057 seconds.
  path: Assets/Models/Materials/Color_from_another_mother.png
  artifactKey: Guid(1f9e2ff72979a12449c899686d805575) Importer(815301076,1909f56bfc062723c751e8b465ee728b)
Start importing Assets/Models/Materials/Color_from_another_mother.png using Guid(1f9e2ff72979a12449c899686d805575) Importer(815301076,1909f56bfc062723c751e8b465ee728b)  -> (artifact id: '098e44d802b39520227418c5253ac533') in 0.055640 seconds 
========================================================================
Received Import Request.
  Time since last request: 0.000027 seconds.
  path: Assets/Models/Materials/Rock.png
  artifactKey: Guid(ae9e65b7ed37dc549804b8552c17d59a) Importer(815301076,1909f56bfc062723c751e8b465ee728b)
Start importing Assets/Models/Materials/Rock.png using Guid(ae9e65b7ed37dc549804b8552c17d59a) Importer(815301076,1909f56bfc062723c751e8b465ee728b)  -> (artifact id: 'c99f70b564db8d34a2214b7ef7f54321') in 0.009623 seconds 
========================================================================
Received Import Request.
  Time since last request: 0.000032 seconds.
  path: Assets/Models/Materials/Grass.png
  artifactKey: Guid(4d0ca24f123df6c469edbfefa072ec2d) Importer(815301076,1909f56bfc062723c751e8b465ee728b)
Start importing Assets/Models/Materials/Grass.png using Guid(4d0ca24f123df6c469edbfefa072ec2d) Importer(815301076,1909f56bfc062723c751e8b465ee728b)  -> (artifact id: 'c64beb84dd1db10f72995dbaf5e32599') in 0.016353 seconds 
========================================================================
Received Import Request.
  Time since last request: 836.028040 seconds.
  path: Assets/Materials/Firegif.gif
  artifactKey: Guid(7b286f327d99c914aa74bafc2d1c7a6d) Importer(815301076,1909f56bfc062723c751e8b465ee728b)
Start importing Assets/Materials/Firegif.gif using Guid(7b286f327d99c914aa74bafc2d1c7a6d) Importer(815301076,1909f56bfc062723c751e8b465ee728b)  -> (artifact id: 'a292893887ede440091f6fb86178800e') in 0.021523 seconds 
========================================================================
Received Import Request.
  Time since last request: 1706.549942 seconds.
  path: Assets/Brick.png
  artifactKey: Guid(4b6501338a01d174d995f118f84ae52e) Importer(2089858483,0ecaa5967403d082aa24f35e1b516d23)
Start importing Assets/Brick.png using Guid(4b6501338a01d174d995f118f84ae52e) Importer(2089858483,0ecaa5967403d082aa24f35e1b516d23)  -> (artifact id: '8e24b3ff9bb2d96e5798dfa8046f8ab5') in 0.157921 seconds 
========================================================================
Received Import Request.
  Time since last request: 0.000029 seconds.
  path: Assets/Models/Small_House_-_Burned.fbx
  artifactKey: Guid(e0c6174194a339444b45ea2799a13eaa) Importer(2089858483,0ecaa5967403d082aa24f35e1b516d23)
Start importing Assets/Models/Small_House_-_Burned.fbx using Guid(e0c6174194a339444b45ea2799a13eaa) Importer(2089858483,0ecaa5967403d082aa24f35e1b516d23)  -> (artifact id: '3d095668ce06efc699db3f215035cf34') in 0.056857 seconds 
========================================================================
Received Import Request.
  Time since last request: 0.000033 seconds.
  path: Assets/Models/Materials/Grass.png
  artifactKey: Guid(4d0ca24f123df6c469edbfefa072ec2d) Importer(2089858483,0ecaa5967403d082aa24f35e1b516d23)
Start importing Assets/Models/Materials/Grass.png using Guid(4d0ca24f123df6c469edbfefa072ec2d) Importer(2089858483,0ecaa5967403d082aa24f35e1b516d23)  -> (artifact id: '948ca8d04d79bc2a521827637e5ee3e2') in 0.018549 seconds 
========================================================================
Received Import Request.
  Time since last request: 0.000022 seconds.
  path: Assets/Scenes/MaddieTestScene.unity
  artifactKey: Guid(ac26a3a62dca1ee458f381a4ede865bd) Importer(2089858483,0ecaa5967403d082aa24f35e1b516d23)
Start importing Assets/Scenes/MaddieTestScene.unity using Guid(ac26a3a62dca1ee458f381a4ede865bd) Importer(2089858483,0ecaa5967403d082aa24f35e1b516d23)  -> (artifact id: '644b52a5783bfdd41204af320f1930bf') in 0.012868 seconds 
========================================================================
Received Import Request.
  Time since last request: 0.000042 seconds.
  path: Assets/Rock.png
  artifactKey: Guid(eb51f93915e79a44d9d9932c4b1669ae) Importer(2089858483,0ecaa5967403d082aa24f35e1b516d23)
Start importing Assets/Rock.png using Guid(eb51f93915e79a44d9d9932c4b1669ae) Importer(2089858483,0ecaa5967403d082aa24f35e1b516d23)  -> (artifact id: '8b8fbfdaa70522a03104eaccb29f8e29') in 0.020502 seconds 
========================================================================
Received Import Request.
  Time since last request: 0.000022 seconds.
  path: Assets/Scripts/WheelController.cs
  artifactKey: Guid(dfc7821234feeeb46af210024d71b510) Importer(2089858483,0ecaa5967403d082aa24f35e1b516d23)
Start importing Assets/Scripts/WheelController.cs using Guid(dfc7821234feeeb46af210024d71b510) Importer(2089858483,0ecaa5967403d082aa24f35e1b516d23)  -> (artifact id: 'e95257a11dbafa0f0ae160c83d0d0bab') in 0.030155 seconds 
========================================================================
Received Import Request.
  Time since last request: 0.000031 seconds.
  path: Assets/Models/Materials/Rock.png
  artifactKey: Guid(ae9e65b7ed37dc549804b8552c17d59a) Importer(2089858483,0ecaa5967403d082aa24f35e1b516d23)
Start importing Assets/Models/Materials/Rock.png using Guid(ae9e65b7ed37dc549804b8552c17d59a) Importer(2089858483,0ecaa5967403d082aa24f35e1b516d23)  -> (artifact id: '4d4a9323fd22a71fc6d3aedadbaf403b') in 0.022045 seconds 
========================================================================
Received Import Request.
  Time since last request: 0.000021 seconds.
  path: Assets/Scripts/DrivingScript.cs
  artifactKey: Guid(ae33c1f50b75a6b409480de9a517d3b9) Importer(2089858483,0ecaa5967403d082aa24f35e1b516d23)
Start importing Assets/Scripts/DrivingScript.cs using Guid(ae33c1f50b75a6b409480de9a517d3b9) Importer(2089858483,0ecaa5967403d082aa24f35e1b516d23)  -> (artifact id: 'f5ce790dd69a25226c823591b6210f68') in 0.014220 seconds 
========================================================================
Received Import Request.
  Time since last request: 0.000032 seconds.
  path: Assets/Prefabs/Car body.prefab
  artifactKey: Guid(24dd709835564cb4f9ed58fc39c262aa) Importer(2089858483,0ecaa5967403d082aa24f35e1b516d23)
Start importing Assets/Prefabs/Car body.prefab using Guid(24dd709835564cb4f9ed58fc39c262aa) Importer(2089858483,0ecaa5967403d082aa24f35e1b516d23)  -> (artifact id: '4fa1d048a0411e63caefdcdb09000ee9') in 0.047664 seconds 
========================================================================
Received Import Request.
  Time since last request: 0.000029 seconds.
  path: Assets/Materials/DeadmenTellNoTales.png
  artifactKey: Guid(60ce499eb593dfe46b40a57aa12c58f0) Importer(2089858483,0ecaa5967403d082aa24f35e1b516d23)
Start importing Assets/Materials/DeadmenTellNoTales.png using Guid(60ce499eb593dfe46b40a57aa12c58f0) Importer(2089858483,0ecaa5967403d082aa24f35e1b516d23)  -> (artifact id: '9bf99ee97f8990ec6b5f084ce2faf5b9') in 0.026065 seconds 
========================================================================
Received Import Request.
  Time since last request: 0.000036 seconds.
  path: Assets/Distant_Building2.png
  artifactKey: Guid(67d16c4b28ebff049a44bc87866c2936) Importer(2089858483,0ecaa5967403d082aa24f35e1b516d23)
Start importing Assets/Distant_Building2.png using Guid(67d16c4b28ebff049a44bc87866c2936) Importer(2089858483,0ecaa5967403d082aa24f35e1b516d23)  -> (artifact id: '7d6939758ff68afd3d3930e53ebf31ee') in 0.022015 seconds 
========================================================================
Received Import Request.
  Time since last request: 0.000031 seconds.
  path: Assets/Prefabs/LapTrigger.prefab
  artifactKey: Guid(233aba72fb956e04bb116772dc9eea0f) Importer(2089858483,0ecaa5967403d082aa24f35e1b516d23)
Start importing Assets/Prefabs/LapTrigger.prefab using Guid(233aba72fb956e04bb116772dc9eea0f) Importer(2089858483,0ecaa5967403d082aa24f35e1b516d23)  -> (artifact id: 'ef2d2bf3e3d37d0697cb72dc6f8969e5') in 0.022569 seconds 
========================================================================
Received Import Request.
  Time since last request: 0.000036 seconds.
  path: Assets/Models/Materials/Materials/BigHouse.mat
  artifactKey: Guid(6d60edc4ebd318242ba9ca083fa9cd06) Importer(2089858483,0ecaa5967403d082aa24f35e1b516d23)
Start importing Assets/Models/Materials/Materials/BigHouse.mat using Guid(6d60edc4ebd318242ba9ca083fa9cd06) Importer(2089858483,0ecaa5967403d082aa24f35e1b516d23)  -> (artifact id: 'edc161fee2a89621b192fc180b8eef90') in 0.021815 seconds 
========================================================================
Received Import Request.
  Time since last request: 0.000036 seconds.
  path: Assets/Materials/Firegif.gif
  artifactKey: Guid(7b286f327d99c914aa74bafc2d1c7a6d) Importer(2089858483,0ecaa5967403d082aa24f35e1b516d23)
Start importing Assets/Materials/Firegif.gif using Guid(7b286f327d99c914aa74bafc2d1c7a6d) Importer(2089858483,0ecaa5967403d082aa24f35e1b516d23)  -> (artifact id: 'b26e3b86a55802ccfe2516f420c5beca') in 0.029981 seconds 
========================================================================
Received Import Request.
  Time since last request: 0.000021 seconds.
  path: Assets/Distant_Building2 1.png
  artifactKey: Guid(fdb6a2ece80bed145bc8ead62848f24c) Importer(2089858483,0ecaa5967403d082aa24f35e1b516d23)
Start importing Assets/Distant_Building2 1.png using Guid(fdb6a2ece80bed145bc8ead62848f24c) Importer(2089858483,0ecaa5967403d082aa24f35e1b516d23)  -> (artifact id: 'bed3451ef5e57488cf74004649a40b7e') in 0.022052 seconds 
========================================================================
Received Import Request.
  Time since last request: 0.000027 seconds.
  path: Assets/Models/Materials/Materials/Rock.mat
  artifactKey: Guid(a5e50d4d60d888749bc0075f6827e4de) Importer(2089858483,0ecaa5967403d082aa24f35e1b516d23)
Start importing Assets/Models/Materials/Materials/Rock.mat using Guid(a5e50d4d60d888749bc0075f6827e4de) Importer(2089858483,0ecaa5967403d082aa24f35e1b516d23)  -> (artifact id: '2a8714072774c2030157f5852ea3f7dc') in 0.017039 seconds 
========================================================================
Received Import Request.
  Time since last request: 0.000029 seconds.
  path: Assets/Models/Big_House (1).fbx
  artifactKey: Guid(24199478c0abbb143966d7c02e15eca1) Importer(2089858483,0ecaa5967403d082aa24f35e1b516d23)
Start importing Assets/Models/Big_House (1).fbx using Guid(24199478c0abbb143966d7c02e15eca1) Importer(2089858483,0ecaa5967403d082aa24f35e1b516d23)  -> (artifact id: '4bdffe0f7ce15b38036160d059a67784') in 0.026161 seconds 
========================================================================
Received Import Request.
  Time since last request: 0.000027 seconds.
  path: Assets/Scenes/SampleScene.unity
  artifactKey: Guid(9fc0d4010bbf28b4594072e72b8655ab) Importer(2089858483,0ecaa5967403d082aa24f35e1b516d23)
Start importing Assets/Scenes/SampleScene.unity using Guid(9fc0d4010bbf28b4594072e72b8655ab) Importer(2089858483,0ecaa5967403d082aa24f35e1b516d23)  -> (artifact id: '232fd8a33e0c769cb2ced917d659c03d') in 0.013718 seconds 
========================================================================
Received Import Request.
  Time since last request: 0.000035 seconds.
  path: Assets/Scripts/CameraRotateScript.cs
  artifactKey: Guid(0592b9d1ac7891049bd93f7fe37f91ea) Importer(2089858483,0ecaa5967403d082aa24f35e1b516d23)
Start importing Assets/Scripts/CameraRotateScript.cs using Guid(0592b9d1ac7891049bd93f7fe37f91ea) Importer(2089858483,0ecaa5967403d082aa24f35e1b516d23)  -> (artifact id: 'e4839cd81f5fa575a7c2ed5a2e8f26d7') in 0.016570 seconds 
========================================================================
Received Import Request.
  Time since last request: 0.000025 seconds.
  path: Assets/ProBuilder Data/Default Material Palette.asset
  artifactKey: Guid(fb491ba17a4620548994820e41afa65a) Importer(2089858483,0ecaa5967403d082aa24f35e1b516d23)
Start importing Assets/ProBuilder Data/Default Material Palette.asset using Guid(fb491ba17a4620548994820e41afa65a) Importer(2089858483,0ecaa5967403d082aa24f35e1b516d23)  -> (artifact id: 'fcfa92db942fc25399bf07e01ce37d8c') in 0.030536 seconds 
========================================================================
Received Import Request.
  Time since last request: 0.000033 seconds.
  path: Assets/Models/Materials/Materials/SmallHouse.mat
  artifactKey: Guid(0ec7c53571525704aba9941fce4d6a42) Importer(2089858483,0ecaa5967403d082aa24f35e1b516d23)
Start importing Assets/Models/Materials/Materials/SmallHouse.mat using Guid(0ec7c53571525704aba9941fce4d6a42) Importer(2089858483,0ecaa5967403d082aa24f35e1b516d23)  -> (artifact id: '2b48cd94732c7ad6ae2b83ad63296df8') in 0.017509 seconds 
========================================================================
Received Import Request.
  Time since last request: 0.000023 seconds.
  path: Assets/Materials/Distant_Building2.mat
  artifactKey: Guid(d821725b641ed63438c70ff8f8b09413) Importer(2089858483,0ecaa5967403d082aa24f35e1b516d23)
Start importing Assets/Materials/Distant_Building2.mat using Guid(d821725b641ed63438c70ff8f8b09413) Importer(2089858483,0ecaa5967403d082aa24f35e1b516d23)  -> (artifact id: '8616021d9a4882dbfcf4dd5fb1578670') in 0.015374 seconds 
========================================================================
Received Import Request.
  Time since last request: 0.000039 seconds.
  path: Assets/Materials/Brick.mat
  artifactKey: Guid(6b48b68fd35b626429b9439a81da3553) Importer(2089858483,0ecaa5967403d082aa24f35e1b516d23)
Start importing Assets/Materials/Brick.mat using Guid(6b48b68fd35b626429b9439a81da3553) Importer(2089858483,0ecaa5967403d082aa24f35e1b516d23)  -> (artifact id: 'd8f39d98ac9f7bb2006124d027f5fe04') in 0.015751 seconds 
========================================================================
Received Import Request.
  Time since last request: 0.000023 seconds.
  path: Assets/Materials/Rock.mat
  artifactKey: Guid(03aec158f9ea08a42a266ab44fb2f992) Importer(2089858483,0ecaa5967403d082aa24f35e1b516d23)
Start importing Assets/Materials/Rock.mat using Guid(03aec158f9ea08a42a266ab44fb2f992) Importer(2089858483,0ecaa5967403d082aa24f35e1b516d23)  -> (artifact id: '886e0bf68d858f0bb0ebc52aa2f33b74') in 0.012963 seconds 
========================================================================
Received Import Request.
  Time since last request: 0.000025 seconds.
  path: Assets/Models/Materials/Building_Facade.png
  artifactKey: Guid(e7f1f2288527fe041925bc1a2ba01773) Importer(2089858483,0ecaa5967403d082aa24f35e1b516d23)
Start importing Assets/Models/Materials/Building_Facade.png using Guid(e7f1f2288527fe041925bc1a2ba01773) Importer(2089858483,0ecaa5967403d082aa24f35e1b516d23)  -> (artifact id: 'ac46381255214684557c47c947386690') in 0.021707 seconds 
========================================================================
Received Import Request.
  Time since last request: 0.000026 seconds.
  path: Assets/Models/FS000_Night_01.png
  artifactKey: Guid(40b1b77019bc6894e966deb7c4c48a89) Importer(2089858483,0ecaa5967403d082aa24f35e1b516d23)
Start importing Assets/Models/FS000_Night_01.png using Guid(40b1b77019bc6894e966deb7c4c48a89) Importer(2089858483,0ecaa5967403d082aa24f35e1b516d23)  -> (artifact id: 'd4c86abfbd3469325a11735cf3f13df9') in 0.031524 seconds 
========================================================================
Received Import Request.
  Time since last request: 0.000023 seconds.
  path: Assets/Models/Materials/Materials/Building_Facade.mat
  artifactKey: Guid(ec6c35fc398b3974689f3f73d64c0331) Importer(2089858483,0ecaa5967403d082aa24f35e1b516d23)
Start importing Assets/Models/Materials/Materials/Building_Facade.mat using Guid(ec6c35fc398b3974689f3f73d64c0331) Importer(2089858483,0ecaa5967403d082aa24f35e1b516d23)  -> (artifact id: '8d9c292f7cce272149f0e441a95db172') in 0.014448 seconds 
========================================================================
Received Import Request.
  Time since last request: 0.000042 seconds.
  path: Assets/Scenes/racetrack.unity
  artifactKey: Guid(7cf1247d5927fb643b2bacb10ffc7304) Importer(2089858483,0ecaa5967403d082aa24f35e1b516d23)
Start importing Assets/Scenes/racetrack.unity using Guid(7cf1247d5927fb643b2bacb10ffc7304) Importer(2089858483,0ecaa5967403d082aa24f35e1b516d23)  -> (artifact id: '509b3ba05bba0b670bcac015b43fa97c') in 0.012646 seconds 
========================================================================
Received Prepare
Refreshing native plugins compatible for Editor in 5.21 ms, found 3 plugins.
Preloading 0 native plugins for Editor in 0.00 ms.
Unloading 21 Unused Serialized files (Serialized files now loaded: 0)
Unloading 21 unused Assets / (136.2 KB). Loaded Objects now: 4269.
Memory consumption went from 63.5 MB to 63.3 MB.
Total: 6.185200 ms (FindLiveObjects: 0.284900 ms CreateObjectMapping: 0.103400 ms MarkObjects: 5.637400 ms  DeleteObjects: 0.158200 ms)

AssetImportParameters requested are different than current active one (requested -> active):
  custom:video-decoder-ogg-theora: a1e56fd34408186e4bbccfd4996cb3dc -> 
  custom:container-muxer-webm: aa71ff27fc2769a1b78a27578f13a17b -> 
  custom:container-demuxer-webm: 4f35f7cbe854078d1ac9338744f61a02 -> 
  custom:video-encoder-webm-vp8: eb34c28f22e8b96e1ab97ce403110664 -> 
  custom:video-codec-MediaFoundation-h265: 746d11721c4dcdbdad8f713fa42b33f4 -> 
  custom:audio-encoder-webm-vorbis: bf7c407c2cedff20999df2af8eb42d56 -> 
  custom:framework-win-MediaFoundation: 216162199b28c13a410421893ffa2e32 -> 
  custom:SearchIndexIgnoredProperties: e643bd26f0fe6173181afceb89e7c659 -> 
  custom:container-demuxer-ogg: 62fdf1f143b41e24485cea50d1cbac27 -> 
  custom:video-decoder-webm-vp8: 9c59270c3fd7afecdb556c50c9e8de78 -> 
  custom:audio-decoder-ogg-vorbis: bf7c407c2cedff20999df2af8eb42d56 -> 
Editor requested this worker to shutdown with reason: Scaling down because of idle timeout
AssetImportWorker is now disconnected from the server
Process exiting
Exiting without the bug reporter. Application will terminate with return code 0